mode: set
github.com/KonstantinGalanin/itemStore/cmd/main.go:26.13,29.16 3 0
github.com/KonstantinGalanin/itemStore/cmd/main.go:29.16,30.13 1 0
github.com/KonstantinGalanin/itemStore/cmd/main.go:32.2,34.34 2 0
github.com/KonstantinGalanin/itemStore/cmd/main.go:34.34,35.13 1 0
github.com/KonstantinGalanin/itemStore/cmd/main.go:38.2,46.16 7 0
github.com/KonstantinGalanin/itemStore/cmd/main.go:46.16,47.13 1 0
github.com/KonstantinGalanin/itemStore/internal/middleware/auth.go:11.53,12.71 1 0
github.com/KonstantinGalanin/itemStore/internal/middleware/auth.go:12.71,14.17 2 0
github.com/KonstantinGalanin/itemStore/internal/middleware/auth.go:14.17,17.4 2 0
github.com/KonstantinGalanin/itemStore/internal/middleware/auth.go:19.3,21.40 3 0
github.com/KonstantinGalanin/itemStore/internal/router/router.go:12.64,25.2 9 0
github.com/KonstantinGalanin/itemStore/internal/repository/user_repo_mock.go:26.61,30.2 3 0
github.com/KonstantinGalanin/itemStore/internal/repository/user_repo_mock.go:33.59,35.2 1 0
github.com/KonstantinGalanin/itemStore/internal/repository/user_repo_mock.go:38.80,44.2 5 0
github.com/KonstantinGalanin/itemStore/internal/repository/user_repo_mock.go:47.87,50.2 2 0
github.com/KonstantinGalanin/itemStore/internal/repository/user_repo_mock.go:53.58,58.2 4 0
github.com/KonstantinGalanin/itemStore/internal/repository/user_repo_mock.go:61.86,64.2 2 0
github.com/KonstantinGalanin/itemStore/internal/repository/user_repo_mock.go:67.62,73.2 5 0
github.com/KonstantinGalanin/itemStore/internal/repository/user_repo_mock.go:76.83,79.2 2 0
github.com/KonstantinGalanin/itemStore/internal/repository/user_repo_mock.go:82.79,88.2 5 0
github.com/KonstantinGalanin/itemStore/internal/repository/user_repo_mock.go:91.87,94.2 2 0
github.com/KonstantinGalanin/itemStore/internal/repository/user_repo_mock.go:97.64,103.2 5 0
github.com/KonstantinGalanin/itemStore/internal/repository/user_repo_mock.go:106.82,109.2 2 0
github.com/KonstantinGalanin/itemStore/internal/repository/user_repo_mock.go:112.89,118.2 5 0
github.com/KonstantinGalanin/itemStore/internal/repository/user_repo_mock.go:121.85,124.2 2 0
github.com/KonstantinGalanin/itemStore/internal/repository/user_repo_mock.go:127.83,133.2 5 0
github.com/KonstantinGalanin/itemStore/internal/repository/user_repo_mock.go:136.82,139.2 2 0
github.com/KonstantinGalanin/itemStore/internal/repository/user_repo_mock.go:142.64,148.2 5 0
github.com/KonstantinGalanin/itemStore/internal/repository/user_repo_mock.go:151.82,154.2 2 0
github.com/KonstantinGalanin/itemStore/internal/repository/user_repo_mock.go:157.73,162.2 4 0
github.com/KonstantinGalanin/itemStore/internal/repository/user_repo_mock.go:165.101,168.2 2 0
github.com/KonstantinGalanin/itemStore/internal/utils/error.go:19.71,25.2 3 0
github.com/KonstantinGalanin/itemStore/pkg/jwt/jwt.go:28.34,30.2 1 0
github.com/KonstantinGalanin/itemStore/pkg/jwt/jwt.go:32.75,43.16 4 0
github.com/KonstantinGalanin/itemStore/pkg/jwt/jwt.go:43.16,45.3 1 0
github.com/KonstantinGalanin/itemStore/pkg/jwt/jwt.go:47.2,50.16 2 0
github.com/KonstantinGalanin/itemStore/pkg/jwt/jwt.go:50.16,52.3 1 0
github.com/KonstantinGalanin/itemStore/pkg/jwt/jwt.go:54.2,54.18 1 0
github.com/KonstantinGalanin/itemStore/pkg/jwt/jwt.go:57.51,61.107 3 0
github.com/KonstantinGalanin/itemStore/pkg/jwt/jwt.go:61.107,63.3 1 0
github.com/KonstantinGalanin/itemStore/pkg/jwt/jwt.go:64.2,64.16 1 0
github.com/KonstantinGalanin/itemStore/pkg/jwt/jwt.go:64.16,66.3 1 0
github.com/KonstantinGalanin/itemStore/pkg/jwt/jwt.go:67.2,67.18 1 0
github.com/KonstantinGalanin/itemStore/pkg/jwt/jwt.go:67.18,69.3 1 0
github.com/KonstantinGalanin/itemStore/pkg/jwt/jwt.go:71.2,71.29 1 0
github.com/KonstantinGalanin/itemStore/internal/handlers/user.go:19.48,20.42 1 1
github.com/KonstantinGalanin/itemStore/internal/handlers/user.go:20.42,22.3 1 1
github.com/KonstantinGalanin/itemStore/internal/handlers/user.go:24.2,24.42 1 1
github.com/KonstantinGalanin/itemStore/internal/handlers/user.go:24.42,26.3 1 1
github.com/KonstantinGalanin/itemStore/internal/handlers/user.go:28.2,28.12 1 1
github.com/KonstantinGalanin/itemStore/internal/handlers/user.go:49.83,54.2 1 1
github.com/KonstantinGalanin/itemStore/internal/handlers/user.go:56.68,61.62 2 1
github.com/KonstantinGalanin/itemStore/internal/handlers/user.go:61.62,64.3 2 1
github.com/KonstantinGalanin/itemStore/internal/handlers/user.go:66.2,66.63 1 1
github.com/KonstantinGalanin/itemStore/internal/handlers/user.go:66.63,69.3 2 1
github.com/KonstantinGalanin/itemStore/internal/handlers/user.go:71.2,72.16 2 1
github.com/KonstantinGalanin/itemStore/internal/handlers/user.go:72.16,75.3 2 1
github.com/KonstantinGalanin/itemStore/internal/handlers/user.go:77.2,78.16 2 1
github.com/KonstantinGalanin/itemStore/internal/handlers/user.go:78.16,81.3 2 1
github.com/KonstantinGalanin/itemStore/internal/handlers/user.go:83.2,85.41 3 1
github.com/KonstantinGalanin/itemStore/internal/handlers/user.go:85.41,88.3 2 0
github.com/KonstantinGalanin/itemStore/internal/handlers/user.go:91.72,93.9 2 1
github.com/KonstantinGalanin/itemStore/internal/handlers/user.go:93.9,96.3 2 1
github.com/KonstantinGalanin/itemStore/internal/handlers/user.go:98.2,104.16 3 1
github.com/KonstantinGalanin/itemStore/internal/handlers/user.go:104.16,107.3 2 1
github.com/KonstantinGalanin/itemStore/internal/handlers/user.go:109.2,109.83 1 1
github.com/KonstantinGalanin/itemStore/internal/handlers/user.go:109.83,112.3 2 1
github.com/KonstantinGalanin/itemStore/internal/handlers/user.go:114.2,114.30 1 1
github.com/KonstantinGalanin/itemStore/internal/handlers/user.go:117.71,119.9 2 1
github.com/KonstantinGalanin/itemStore/internal/handlers/user.go:119.9,122.3 2 1
github.com/KonstantinGalanin/itemStore/internal/handlers/user.go:124.2,125.13 2 1
github.com/KonstantinGalanin/itemStore/internal/handlers/user.go:125.13,128.3 2 1
github.com/KonstantinGalanin/itemStore/internal/handlers/user.go:130.2,130.66 1 1
github.com/KonstantinGalanin/itemStore/internal/handlers/user.go:130.66,133.3 2 1
github.com/KonstantinGalanin/itemStore/internal/handlers/user.go:135.2,135.30 1 1
github.com/KonstantinGalanin/itemStore/internal/handlers/user.go:138.71,140.9 2 1
github.com/KonstantinGalanin/itemStore/internal/handlers/user.go:140.9,143.3 2 0
github.com/KonstantinGalanin/itemStore/internal/handlers/user.go:145.2,146.16 2 1
github.com/KonstantinGalanin/itemStore/internal/handlers/user.go:146.16,149.3 2 0
github.com/KonstantinGalanin/itemStore/internal/handlers/user.go:151.2,153.56 3 1
github.com/KonstantinGalanin/itemStore/internal/handlers/user.go:153.56,155.3 1 0
github.com/KonstantinGalanin/itemStore/internal/utils/error.go:19.71,25.2 3 1
github.com/KonstantinGalanin/itemStore/internal/repository/user/postgres.go:20.56,24.2 1 1
github.com/KonstantinGalanin/itemStore/internal/repository/user/postgres.go:26.68,30.16 4 1
github.com/KonstantinGalanin/itemStore/internal/repository/user/postgres.go:30.16,32.3 1 1
github.com/KonstantinGalanin/itemStore/internal/repository/user/postgres.go:34.2,34.20 1 1
github.com/KonstantinGalanin/itemStore/internal/repository/user/postgres.go:37.68,41.16 4 1
github.com/KonstantinGalanin/itemStore/internal/repository/user/postgres.go:41.16,42.36 1 1
github.com/KonstantinGalanin/itemStore/internal/repository/user/postgres.go:42.36,44.4 1 1
github.com/KonstantinGalanin/itemStore/internal/repository/user/postgres.go:45.3,45.62 1 1
github.com/KonstantinGalanin/itemStore/internal/repository/user/postgres.go:47.2,47.20 1 1
github.com/KonstantinGalanin/itemStore/internal/repository/user/postgres.go:50.62,52.16 2 1
github.com/KonstantinGalanin/itemStore/internal/repository/user/postgres.go:52.16,54.3 1 1
github.com/KonstantinGalanin/itemStore/internal/repository/user/postgres.go:55.2,59.16 4 1
github.com/KonstantinGalanin/itemStore/internal/repository/user/postgres.go:59.16,61.3 1 1
github.com/KonstantinGalanin/itemStore/internal/repository/user/postgres.go:63.2,65.16 3 1
github.com/KonstantinGalanin/itemStore/internal/repository/user/postgres.go:65.16,67.3 1 0
github.com/KonstantinGalanin/itemStore/internal/repository/user/postgres.go:69.2,69.21 1 1
github.com/KonstantinGalanin/itemStore/internal/repository/user/postgres.go:69.21,71.3 1 0
github.com/KonstantinGalanin/itemStore/internal/repository/user/postgres.go:73.2,73.62 1 1
github.com/KonstantinGalanin/itemStore/internal/repository/user/postgres.go:73.62,75.3 1 0
github.com/KonstantinGalanin/itemStore/internal/repository/user/postgres.go:77.2,77.67 1 1
github.com/KonstantinGalanin/itemStore/internal/repository/user/postgres.go:77.67,79.3 1 0
github.com/KonstantinGalanin/itemStore/internal/repository/user/postgres.go:81.2,81.20 1 1
github.com/KonstantinGalanin/itemStore/internal/repository/user/postgres.go:84.83,86.16 2 0
github.com/KonstantinGalanin/itemStore/internal/repository/user/postgres.go:86.16,88.3 1 0
github.com/KonstantinGalanin/itemStore/internal/repository/user/postgres.go:89.2,92.18 3 0
github.com/KonstantinGalanin/itemStore/internal/repository/user/postgres.go:92.18,96.57 3 0
github.com/KonstantinGalanin/itemStore/internal/repository/user/postgres.go:96.57,98.4 1 0
github.com/KonstantinGalanin/itemStore/internal/repository/user/postgres.go:100.3,103.5 1 0
github.com/KonstantinGalanin/itemStore/internal/repository/user/postgres.go:106.2,106.35 1 0
github.com/KonstantinGalanin/itemStore/internal/repository/user/postgres.go:106.35,108.3 1 0
github.com/KonstantinGalanin/itemStore/internal/repository/user/postgres.go:110.2,110.23 1 0
github.com/KonstantinGalanin/itemStore/internal/repository/user/postgres.go:113.66,116.41 3 1
github.com/KonstantinGalanin/itemStore/internal/repository/user/postgres.go:116.41,118.3 1 1
github.com/KonstantinGalanin/itemStore/internal/repository/user/postgres.go:120.2,120.19 1 1
github.com/KonstantinGalanin/itemStore/internal/repository/user/postgres.go:123.93,125.16 2 0
github.com/KonstantinGalanin/itemStore/internal/repository/user/postgres.go:125.16,127.3 1 0
github.com/KonstantinGalanin/itemStore/internal/repository/user/postgres.go:129.2,130.18 2 0
github.com/KonstantinGalanin/itemStore/internal/repository/user/postgres.go:130.18,133.55 3 0
github.com/KonstantinGalanin/itemStore/internal/repository/user/postgres.go:133.55,135.4 1 0
github.com/KonstantinGalanin/itemStore/internal/repository/user/postgres.go:137.3,140.5 1 0
github.com/KonstantinGalanin/itemStore/internal/repository/user/postgres.go:143.2,143.35 1 0
github.com/KonstantinGalanin/itemStore/internal/repository/user/postgres.go:143.35,145.3 1 0
github.com/KonstantinGalanin/itemStore/internal/repository/user/postgres.go:147.2,147.22 1 0
github.com/KonstantinGalanin/itemStore/internal/repository/user/postgres.go:151.87,153.16 2 0
github.com/KonstantinGalanin/itemStore/internal/repository/user/postgres.go:153.16,155.3 1 0
github.com/KonstantinGalanin/itemStore/internal/repository/user/postgres.go:157.2,158.18 2 0
github.com/KonstantinGalanin/itemStore/internal/repository/user/postgres.go:158.18,161.53 3 0
github.com/KonstantinGalanin/itemStore/internal/repository/user/postgres.go:161.53,163.4 1 0
github.com/KonstantinGalanin/itemStore/internal/repository/user/postgres.go:165.3,168.5 1 0
github.com/KonstantinGalanin/itemStore/internal/repository/user/postgres.go:171.2,171.35 1 0
github.com/KonstantinGalanin/itemStore/internal/repository/user/postgres.go:171.35,173.3 1 0
github.com/KonstantinGalanin/itemStore/internal/repository/user/postgres.go:175.2,175.22 1 0
github.com/KonstantinGalanin/itemStore/internal/repository/user/postgres.go:178.87,183.16 4 1
github.com/KonstantinGalanin/itemStore/internal/repository/user/postgres.go:183.16,184.36 1 1
github.com/KonstantinGalanin/itemStore/internal/repository/user/postgres.go:184.36,186.4 1 1
github.com/KonstantinGalanin/itemStore/internal/repository/user/postgres.go:187.3,187.55 1 1
github.com/KonstantinGalanin/itemStore/internal/repository/user/postgres.go:190.2,190.18 1 1
github.com/KonstantinGalanin/itemStore/internal/repository/user/postgres.go:193.84,195.16 2 0
github.com/KonstantinGalanin/itemStore/internal/repository/user/postgres.go:195.16,196.38 1 0
github.com/KonstantinGalanin/itemStore/internal/repository/user/postgres.go:196.38,198.18 2 0
github.com/KonstantinGalanin/itemStore/internal/repository/user/postgres.go:198.18,200.5 1 0
github.com/KonstantinGalanin/itemStore/internal/repository/user/postgres.go:201.4,205.20 2 0
github.com/KonstantinGalanin/itemStore/internal/repository/user/postgres.go:208.3,208.51 1 0
github.com/KonstantinGalanin/itemStore/internal/repository/user/postgres.go:211.2,211.31 1 0
github.com/KonstantinGalanin/itemStore/internal/repository/user/postgres.go:211.31,213.3 1 0
github.com/KonstantinGalanin/itemStore/internal/repository/user/postgres.go:215.2,217.8 1 0
github.com/KonstantinGalanin/itemStore/internal/repository/user/postgres.go:220.76,225.16 4 1
github.com/KonstantinGalanin/itemStore/internal/repository/user/postgres.go:225.16,226.36 1 1
github.com/KonstantinGalanin/itemStore/internal/repository/user/postgres.go:226.36,228.4 1 1
github.com/KonstantinGalanin/itemStore/internal/repository/user/postgres.go:229.3,229.55 1 1
github.com/KonstantinGalanin/itemStore/internal/repository/user/postgres.go:232.2,232.18 1 1
github.com/KonstantinGalanin/itemStore/internal/repository/user/postgres.go:235.81,237.16 2 1
github.com/KonstantinGalanin/itemStore/internal/repository/user/postgres.go:237.16,239.3 1 0
github.com/KonstantinGalanin/itemStore/internal/repository/user/postgres.go:240.2,243.16 3 1
github.com/KonstantinGalanin/itemStore/internal/repository/user/postgres.go:243.16,245.3 1 0
github.com/KonstantinGalanin/itemStore/internal/repository/user/postgres.go:246.2,246.29 1 1
github.com/KonstantinGalanin/itemStore/internal/repository/user/postgres.go:246.29,248.3 1 0
github.com/KonstantinGalanin/itemStore/internal/repository/user/postgres.go:250.2,251.16 2 1
github.com/KonstantinGalanin/itemStore/internal/repository/user/postgres.go:251.16,253.3 1 0
github.com/KonstantinGalanin/itemStore/internal/repository/user/postgres.go:255.2,256.16 2 1
github.com/KonstantinGalanin/itemStore/internal/repository/user/postgres.go:256.16,258.3 1 0
github.com/KonstantinGalanin/itemStore/internal/repository/user/postgres.go:260.2,261.16 2 1
github.com/KonstantinGalanin/itemStore/internal/repository/user/postgres.go:261.16,263.3 1 0
github.com/KonstantinGalanin/itemStore/internal/repository/user/postgres.go:265.2,267.12 2 1
github.com/KonstantinGalanin/itemStore/internal/repository/user/user_repo_mock.go:26.61,30.2 3 0
github.com/KonstantinGalanin/itemStore/internal/repository/user/user_repo_mock.go:33.59,35.2 1 0
github.com/KonstantinGalanin/itemStore/internal/repository/user/user_repo_mock.go:38.80,44.2 5 0
github.com/KonstantinGalanin/itemStore/internal/repository/user/user_repo_mock.go:47.87,50.2 2 0
github.com/KonstantinGalanin/itemStore/internal/repository/user/user_repo_mock.go:53.58,58.2 4 0
github.com/KonstantinGalanin/itemStore/internal/repository/user/user_repo_mock.go:61.86,64.2 2 0
github.com/KonstantinGalanin/itemStore/internal/repository/user/user_repo_mock.go:67.62,73.2 5 0
github.com/KonstantinGalanin/itemStore/internal/repository/user/user_repo_mock.go:76.83,79.2 2 0
github.com/KonstantinGalanin/itemStore/internal/repository/user/user_repo_mock.go:82.79,88.2 5 0
github.com/KonstantinGalanin/itemStore/internal/repository/user/user_repo_mock.go:91.87,94.2 2 0
github.com/KonstantinGalanin/itemStore/internal/repository/user/user_repo_mock.go:97.64,103.2 5 0
github.com/KonstantinGalanin/itemStore/internal/repository/user/user_repo_mock.go:106.82,109.2 2 0
github.com/KonstantinGalanin/itemStore/internal/repository/user/user_repo_mock.go:112.89,118.2 5 0
github.com/KonstantinGalanin/itemStore/internal/repository/user/user_repo_mock.go:121.85,124.2 2 0
github.com/KonstantinGalanin/itemStore/internal/repository/user/user_repo_mock.go:127.83,133.2 5 0
github.com/KonstantinGalanin/itemStore/internal/repository/user/user_repo_mock.go:136.82,139.2 2 0
github.com/KonstantinGalanin/itemStore/internal/repository/user/user_repo_mock.go:142.64,148.2 5 0
github.com/KonstantinGalanin/itemStore/internal/repository/user/user_repo_mock.go:151.82,154.2 2 0
github.com/KonstantinGalanin/itemStore/internal/repository/user/user_repo_mock.go:157.73,162.2 4 0
github.com/KonstantinGalanin/itemStore/internal/repository/user/user_repo_mock.go:165.101,168.2 2 0
github.com/KonstantinGalanin/itemStore/internal/utils/error.go:19.71,25.2 3 0
github.com/KonstantinGalanin/itemStore/internal/service/user.go:26.52,30.2 1 1
github.com/KonstantinGalanin/itemStore/internal/service/user.go:32.64,34.16 2 1
github.com/KonstantinGalanin/itemStore/internal/service/user.go:34.16,36.3 1 1
github.com/KonstantinGalanin/itemStore/internal/service/user.go:37.2,38.16 2 1
github.com/KonstantinGalanin/itemStore/internal/service/user.go:38.16,40.3 1 1
github.com/KonstantinGalanin/itemStore/internal/service/user.go:41.2,41.59 1 1
github.com/KonstantinGalanin/itemStore/internal/service/user.go:41.59,43.3 1 1
github.com/KonstantinGalanin/itemStore/internal/service/user.go:44.2,44.12 1 1
github.com/KonstantinGalanin/itemStore/internal/service/user.go:47.75,49.16 2 1
github.com/KonstantinGalanin/itemStore/internal/service/user.go:49.16,51.3 1 1
github.com/KonstantinGalanin/itemStore/internal/service/user.go:52.2,53.74 2 1
github.com/KonstantinGalanin/itemStore/internal/service/user.go:53.74,55.3 1 1
github.com/KonstantinGalanin/itemStore/internal/service/user.go:57.2,57.12 1 1
github.com/KonstantinGalanin/itemStore/internal/service/user.go:60.80,62.16 2 1
github.com/KonstantinGalanin/itemStore/internal/service/user.go:62.16,64.3 1 1
github.com/KonstantinGalanin/itemStore/internal/service/user.go:66.2,67.16 2 1
github.com/KonstantinGalanin/itemStore/internal/service/user.go:67.16,69.3 1 1
github.com/KonstantinGalanin/itemStore/internal/service/user.go:71.2,72.16 2 1
github.com/KonstantinGalanin/itemStore/internal/service/user.go:72.16,74.3 1 1
github.com/KonstantinGalanin/itemStore/internal/service/user.go:76.2,77.16 2 1
github.com/KonstantinGalanin/itemStore/internal/service/user.go:77.16,79.3 1 1
github.com/KonstantinGalanin/itemStore/internal/service/user.go:81.2,82.16 2 1
github.com/KonstantinGalanin/itemStore/internal/service/user.go:82.16,84.3 1 1
github.com/KonstantinGalanin/itemStore/internal/service/user.go:86.2,95.18 2 1
github.com/KonstantinGalanin/itemStore/internal/service/user.go:98.79,100.16 2 1
github.com/KonstantinGalanin/itemStore/internal/service/user.go:100.16,103.3 2 1
github.com/KonstantinGalanin/itemStore/internal/service/user.go:105.2,105.18 1 1
github.com/KonstantinGalanin/itemStore/internal/service/user_service_mock.go:26.65,30.2 3 0
github.com/KonstantinGalanin/itemStore/internal/service/user_service_mock.go:33.63,35.2 1 0
github.com/KonstantinGalanin/itemStore/internal/service/user_service_mock.go:38.79,44.2 5 0
github.com/KonstantinGalanin/itemStore/internal/service/user_service_mock.go:47.86,50.2 2 0
github.com/KonstantinGalanin/itemStore/internal/service/user_service_mock.go:64.67,68.2 3 0
github.com/KonstantinGalanin/itemStore/internal/service/user_service_mock.go:71.65,73.2 1 0
github.com/KonstantinGalanin/itemStore/internal/service/user_service_mock.go:76.83,82.2 5 0
github.com/KonstantinGalanin/itemStore/internal/service/user_service_mock.go:85.90,88.2 2 0
github.com/KonstantinGalanin/itemStore/internal/service/user_service_mock.go:91.68,96.2 4 0
github.com/KonstantinGalanin/itemStore/internal/service/user_service_mock.go:99.93,102.2 2 0
github.com/KonstantinGalanin/itemStore/internal/service/user_service_mock.go:105.84,111.2 5 0
github.com/KonstantinGalanin/itemStore/internal/service/user_service_mock.go:114.83,117.2 2 0
github.com/KonstantinGalanin/itemStore/internal/service/user_service_mock.go:120.79,125.2 4 0
github.com/KonstantinGalanin/itemStore/internal/service/user_service_mock.go:128.100,131.2 2 0
github.com/KonstantinGalanin/itemStore/internal/utils/error.go:19.71,25.2 3 0
github.com/KonstantinGalanin/itemStore/internal/middleware/auth.go:11.53,12.71 1 1
github.com/KonstantinGalanin/itemStore/internal/middleware/auth.go:12.71,14.17 2 1
github.com/KonstantinGalanin/itemStore/internal/middleware/auth.go:14.17,17.4 2 0
github.com/KonstantinGalanin/itemStore/internal/middleware/auth.go:19.3,21.40 3 1
github.com/KonstantinGalanin/itemStore/internal/utils/error.go:19.71,25.2 3 0
github.com/KonstantinGalanin/itemStore/pkg/jwt/jwt.go:28.34,30.2 1 1
github.com/KonstantinGalanin/itemStore/pkg/jwt/jwt.go:32.75,43.16 4 1
github.com/KonstantinGalanin/itemStore/pkg/jwt/jwt.go:43.16,45.3 1 0
github.com/KonstantinGalanin/itemStore/pkg/jwt/jwt.go:47.2,50.16 2 1
github.com/KonstantinGalanin/itemStore/pkg/jwt/jwt.go:50.16,52.3 1 0
github.com/KonstantinGalanin/itemStore/pkg/jwt/jwt.go:54.2,54.18 1 1
github.com/KonstantinGalanin/itemStore/pkg/jwt/jwt.go:57.51,61.107 3 1
github.com/KonstantinGalanin/itemStore/pkg/jwt/jwt.go:61.107,63.3 1 1
github.com/KonstantinGalanin/itemStore/pkg/jwt/jwt.go:64.2,64.16 1 1
github.com/KonstantinGalanin/itemStore/pkg/jwt/jwt.go:64.16,66.3 1 0
github.com/KonstantinGalanin/itemStore/pkg/jwt/jwt.go:67.2,67.18 1 1
github.com/KonstantinGalanin/itemStore/pkg/jwt/jwt.go:67.18,69.3 1 0
github.com/KonstantinGalanin/itemStore/pkg/jwt/jwt.go:71.2,71.29 1 1
